[2023-05-22 20:51:43] local.ERROR: Attempt to read property "id" on null {"exception":"[object] (ErrorException(code: 0): Attempt to read property \"id\" on null at C:\\Users\\Youcode\\Desktop\\Works\\WORKING ON\\IFOODY-online-restaurant-booking-system\\Server-side\\app\\Http\\Controllers\\UserController.php:95)
[stacktrace]
#0 C:\\Users\\Youcode\\Desktop\\Works\\WORKING ON\\IFOODY-online-restaurant-booking-system\\Server-side\\vendor\\laravel\\framework\\src\\Illuminate\\Foundation\\Bootstrap\\HandleExceptions.php(254): Illuminate\\Foundation\\Bootstrap\\HandleExceptions->handleError(2, 'Attempt to read...', 'C:\\\\Users\\\\Youcod...', 95)
#1 C:\\Users\\Youcode\\Desktop\\Works\\WORKING ON\\IFOODY-online-restaurant-booking-system\\Server-side\\app\\Http\\Controllers\\UserController.php(95): Illuminate\\Foundation\\Bootstrap\\HandleExceptions->Illuminate\\Foundation\\Bootstrap\\{closure}(2, 'Attempt to read...', 'C:\\\\Users\\\\Youcod...', 95)
#2 C:\\Users\\Youcode\\Desktop\\Works\\WORKING ON\\IFOODY-online-restaurant-booking-system\\Server-side\\vendor\\laravel\\framework\\src\\Illuminate\\Routing\\Controller.php(54): App\\Http\\Controllers\\UserController->applyresturant(Object(Illuminate\\Http\\Request))
#3 C:\\Users\\Youcode\\Desktop\\Works\\WORKING ON\\IFOODY-online-restaurant-booking-system\\Server-side\\vendor\\laravel\\framework\\src\\Illuminate\\Routing\\ControllerDispatcher.php(43): Illuminate\\Routing\\Controller->callAction('applyresturant', Array)
#4 C:\\Users\\Youcode\\Desktop\\Works\\WORKING ON\\IFOODY-online-restaurant-booking-system\\Server-side\\vendor\\laravel\\framework\\src\\Illuminate\\Routing\\Route.php(260): Illuminate\\Routing\\ControllerDispatcher->dispatch(Object(Illuminate\\Routing\\Route), Object(App\\Http\\Controllers\\UserController), 'applyresturant')
#5 C:\\Users\\Youcode\\Desktop\\Works\\WORKING ON\\IFOODY-online-restaurant-booking-system\\Server-side\\vendor\\laravel\\framework\\src\\Illuminate\\Routing\\Route.php(205): Illuminate\\Routing\\Route->runController()
#6 C:\\Users\\Youcode\\Desktop\\Works\\WORKING ON\\IFOODY-online-restaurant-booking-system\\Server-side\\vendor\\laravel\\framework\\src\\Illuminate\\Routing\\Router.php(798): Illuminate\\Routing\\Route->run()
#7 C:\\Users\\Youcode\\Desktop\\Works\\WORKING ON\\IFOODY-online-restaurant-booking-system\\Server-side\\vendor\\laravel\\framework\\src\\Illuminate\\Pipeline\\Pipeline.php(141): Illuminate\\Routing\\Router->Illuminate\\Routing\\{closure}(Object(Illuminate\\Http\\Request))
#8 C:\\Users\\Youcode\\Desktop\\Works\\WORKING ON\\IFOODY-online-restaurant-booking-system\\Server-side\\vendor\\laravel\\framework\\src\\Illuminate\\Routing\\Middleware\\SubstituteBindings.php(50): Illuminate\\Pipeline\\Pipeline->Illuminate\\Pipeline\\{closure}(Object(Illuminate\\Http\\Request))
#9 C:\\Users\\Youcode\\Desktop\\Works\\WORKING ON\\IFOODY-online-restaurant-booking-system\\Server-side\\vendor\\laravel\\framework\\src\\Illuminate\\Pipeline\\Pipeline.php(180): Illuminate\\Routing\\Middleware\\SubstituteBindings->handle(Object(Illuminate\\Http\\Request), Object(Closure))
#10 C:\\Users\\Youcode\\Desktop\\Works\\WORKING ON\\IFOODY-online-restaurant-booking-system\\Server-side\\vendor\\laravel\\framework\\src\\Illuminate\\Routing\\Middleware\\ThrottleRequests.php(152): Illuminate\\Pipeline\\Pipeline->Illuminate\\Pipeline\\{closure}(Object(Illuminate\\Http\\Request))
#11 C:\\Users\\Youcode\\Desktop\\Works\\WORKING ON\\IFOODY-online-restaurant-booking-system\\Server-side\\vendor\\laravel\\framework\\src\\Illuminate\\Routing\\Middleware\\ThrottleRequests.php(128): Illuminate\\Routing\\Middleware\\ThrottleRequests->handleRequest(Object(Illuminate\\Http\\Request), Object(Closure), Array)
#12 C:\\Users\\Youcode\\Desktop\\Works\\WORKING ON\\IFOODY-online-restaurant-booking-system\\Server-side\\vendor\\laravel\\framework\\src\\Illuminate\\Routing\\Middleware\\ThrottleRequests.php(80): Illuminate\\Routing\\Middleware\\ThrottleRequests->handleRequestUsingNamedLimiter(Object(Illuminate\\Http\\Request), Object(Closure), 'api', Object(Closure))
#13 C:\\Users\\Youcode\\Desktop\\Works\\WORKING ON\\IFOODY-online-restaurant-booking-system\\Server-side\\vendor\\laravel\\framework\\src\\Illuminate\\Pipeline\\Pipeline.php(180): Illuminate\\Routing\\Middleware\\ThrottleRequests->handle(Object(Illuminate\\Http\\Request), Object(Closure), 'api')
#14 C:\\Users\\Youcode\\Desktop\\Works\\WORKING ON\\IFOODY-online-restaurant-booking-system\\Server-side\\vendor\\laravel\\framework\\src\\Illuminate\\Pipeline\\Pipeline.php(116): Illuminate\\Pipeline\\Pipeline->Illuminate\\Pipeline\\{closure}(Object(Illuminate\\Http\\Request))
#15 C:\\Users\\Youcode\\Desktop\\Works\\WORKING ON\\IFOODY-online-restaurant-booking-system\\Server-side\\vendor\\laravel\\framework\\src\\Illuminate\\Routing\\Router.php(799): Illuminate\\Pipeline\\Pipeline->then(Object(Closure))
#16 C:\\Users\\Youcode\\Desktop\\Works\\WORKING ON\\IFOODY-online-restaurant-booking-system\\Server-side\\vendor\\laravel\\framework\\src\\Illuminate\\Routing\\Router.php(776): Illuminate\\Routing\\Router->runRouteWithinStack(Object(Illuminate\\Routing\\Route), Object(Illuminate\\Http\\Request))
#17 C:\\Users\\Youcode\\Desktop\\Works\\WORKING ON\\IFOODY-online-restaurant-booking-system\\Server-side\\vendor\\laravel\\framework\\src\\Illuminate\\Routing\\Router.php(740): Illuminate\\Routing\\Router->runRoute(Object(Illuminate\\Http\\Request), Object(Illuminate\\Routing\\Route))
#18 C:\\Users\\Youcode\\Desktop\\Works\\WORKING ON\\IFOODY-online-restaurant-booking-system\\Server-side\\vendor\\laravel\\framework\\src\\Illuminate\\Routing\\Router.php(729): Illuminate\\Routing\\Router->dispatchToRoute(Object(Illuminate\\Http\\Request))
#19 C:\\Users\\Youcode\\Desktop\\Works\\WORKING ON\\IFOODY-online-restaurant-booking-system\\Server-side\\vendor\\laravel\\framework\\src\\Illuminate\\Foundation\\Http\\Kernel.php(200): Illuminate\\Routing\\Router->dispatch(Object(Illuminate\\Http\\Request))
#20 C:\\Users\\Youcode\\Desktop\\Works\\WORKING ON\\IFOODY-online-restaurant-booking-system\\Server-side\\vendor\\laravel\\framework\\src\\Illuminate\\Pipeline\\Pipeline.php(141): Illuminate\\Foundation\\Http\\Kernel->Illuminate\\Foundation\\Http\\{closure}(Object(Illuminate\\Http\\Request))
#21 C:\\Users\\Youcode\\Desktop\\Works\\WORKING ON\\IFOODY-online-restaurant-booking-system\\Server-side\\vendor\\laravel\\framework\\src\\Illuminate\\Foundation\\Http\\Middleware\\TransformsRequest.php(21): Illuminate\\Pipeline\\Pipeline->Illuminate\\Pipeline\\{closure}(Object(Illuminate\\Http\\Request))
#22 C:\\Users\\Youcode\\Desktop\\Works\\WORKING ON\\IFOODY-online-restaurant-booking-system\\Server-side\\vendor\\laravel\\framework\\src\\Illuminate\\Foundation\\Http\\Middleware\\ConvertEmptyStringsToNull.php(31): Illuminate\\Foundation\\Http\\Middleware\\TransformsRequest->handle(Object(Illuminate\\Http\\Request), Object(Closure))
#23 C:\\Users\\Youcode\\Desktop\\Works\\WORKING ON\\IFOODY-online-restaurant-booking-system\\Server-side\\vendor\\laravel\\framework\\src\\Illuminate\\Pipeline\\Pipeline.php(180): Illuminate\\Foundation\\Http\\Middleware\\ConvertEmptyStringsToNull->handle(Object(Illuminate\\Http\\Request), Object(Closure))
#24 C:\\Users\\Youcode\\Desktop\\Works\\WORKING ON\\IFOODY-online-restaurant-booking-system\\Server-side\\vendor\\laravel\\framework\\src\\Illuminate\\Foundation\\Http\\Middleware\\TransformsRequest.php(21): Illuminate\\Pipeline\\Pipeline->Illuminate\\Pipeline\\{closure}(Object(Illuminate\\Http\\Request))
#25 C:\\Users\\Youcode\\Desktop\\Works\\WORKING ON\\IFOODY-online-restaurant-booking-system\\Server-side\\vendor\\laravel\\framework\\src\\Illuminate\\Foundation\\Http\\Middleware\\TrimStrings.php(40): Illuminate\\Foundation\\Http\\Middleware\\TransformsRequest->handle(Object(Illuminate\\Http\\Request), Object(Closure))
#26 C:\\Users\\Youcode\\Desktop\\Works\\WORKING ON\\IFOODY-online-restaurant-booking-system\\Server-side\\vendor\\laravel\\framework\\src\\Illuminate\\Pipeline\\Pipeline.php(180): Illuminate\\Foundation\\Http\\Middleware\\TrimStrings->handle(Object(Illuminate\\Http\\Request), Object(Closure))
#27 C:\\Users\\Youcode\\Desktop\\Works\\WORKING ON\\IFOODY-online-restaurant-booking-system\\Server-side\\vendor\\laravel\\framework\\src\\Illuminate\\Foundation\\Http\\Middleware\\ValidatePostSize.php(27): Illuminate\\Pipeline\\Pipeline->Illuminate\\Pipeline\\{closure}(Object(Illuminate\\Http\\Request))
#28 C:\\Users\\Youcode\\Desktop\\Works\\WORKING ON\\IFOODY-online-restaurant-booking-system\\Server-side\\vendor\\laravel\\framework\\src\\Illuminate\\Pipeline\\Pipeline.php(180): Illuminate\\Foundation\\Http\\Middleware\\ValidatePostSize->handle(Object(Illuminate\\Http\\Request), Object(Closure))
#29 C:\\Users\\Youcode\\Desktop\\Works\\WORKING ON\\IFOODY-online-restaurant-booking-system\\Server-side\\vendor\\laravel\\framework\\src\\Illuminate\\Foundation\\Http\\Middleware\\PreventRequestsDuringMaintenance.php(86): Illuminate\\Pipeline\\Pipeline->Illuminate\\Pipeline\\{closure}(Object(Illuminate\\Http\\Request))
#30 C:\\Users\\Youcode\\Desktop\\Works\\WORKING ON\\IFOODY-online-restaurant-booking-system\\Server-side\\vendor\\laravel\\framework\\src\\Illuminate\\Pipeline\\Pipeline.php(180): Illuminate\\Foundation\\Http\\Middleware\\PreventRequestsDuringMaintenance->handle(Object(Illuminate\\Http\\Request), Object(Closure))
#31 C:\\Users\\Youcode\\Desktop\\Works\\WORKING ON\\IFOODY-online-restaurant-booking-system\\Server-side\\vendor\\laravel\\framework\\src\\Illuminate\\Http\\Middleware\\HandleCors.php(62): Illuminate\\Pipeline\\Pipeline->Illuminate\\Pipeline\\{closure}(Object(Illuminate\\Http\\Request))
#32 C:\\Users\\Youcode\\Desktop\\Works\\WORKING ON\\IFOODY-online-restaurant-booking-system\\Server-side\\vendor\\laravel\\framework\\src\\Illuminate\\Pipeline\\Pipeline.php(180): Illuminate\\Http\\Middleware\\HandleCors->handle(Object(Illuminate\\Http\\Request), Object(Closure))
#33 C:\\Users\\Youcode\\Desktop\\Works\\WORKING ON\\IFOODY-online-restaurant-booking-system\\Server-side\\vendor\\laravel\\framework\\src\\Illuminate\\Http\\Middleware\\TrustProxies.php(39): Illuminate\\Pipeline\\Pipeline->Illuminate\\Pipeline\\{closure}(Object(Illuminate\\Http\\Request))
#34 C:\\Users\\Youcode\\Desktop\\Works\\WORKING ON\\IFOODY-online-restaurant-booking-system\\Server-side\\vendor\\laravel\\framework\\src\\Illuminate\\Pipeline\\Pipeline.php(180): Illuminate\\Http\\Middleware\\TrustProxies->handle(Object(Illuminate\\Http\\Request), Object(Closure))
#35 C:\\Users\\Youcode\\Desktop\\Works\\WORKING ON\\IFOODY-online-restaurant-booking-system\\Server-side\\vendor\\laravel\\framework\\src\\Illuminate\\Pipeline\\Pipeline.php(116): Illuminate\\Pipeline\\Pipeline->Illuminate\\Pipeline\\{closure}(Object(Illuminate\\Http\\Request))
#36 C:\\Users\\Youcode\\Desktop\\Works\\WORKING ON\\IFOODY-online-restaurant-booking-system\\Server-side\\vendor\\laravel\\framework\\src\\Illuminate\\Foundation\\Http\\Kernel.php(175): Illuminate\\Pipeline\\Pipeline->then(Object(Closure))
#37 C:\\Users\\Youcode\\Desktop\\Works\\WORKING ON\\IFOODY-online-restaurant-booking-system\\Server-side\\vendor\\laravel\\framework\\src\\Illuminate\\Foundation\\Http\\Kernel.php(144): Illuminate\\Foundation\\Http\\Kernel->sendRequestThroughRouter(Object(Illuminate\\Http\\Request))
#38 C:\\Users\\Youcode\\Desktop\\Works\\WORKING ON\\IFOODY-online-restaurant-booking-system\\Server-side\\public\\index.php(52): Illuminate\\Foundation\\Http\\Kernel->handle(Object(Illuminate\\Http\\Request))
#39 C:\\Users\\Youcode\\Desktop\\Works\\WORKING ON\\IFOODY-online-restaurant-booking-system\\Server-side\\vendor\\laravel\\framework\\src\\Illuminate\\Foundation\\resources\\server.php(16): require_once('C:\\\\Users\\\\Youcod...')
#40 {main}
"} 
[2023-05-27 15:55:44] local.ERROR: SQLSTATE[HY000] [2002] Aucune connexion n’a pu être établie car l’ordinateur cible l’a expressément refusée (Connection: mysql, SQL: select count(*) as aggregate from `users` where `email` = abdelladedh@gmail.com) {"exception":"[object] (Illuminate\\Database\\QueryException(code: 2002): SQLSTATE[HY000] [2002] Aucune connexion n’a pu être établie car l’ordinateur cible l’a expressément refusée (Connection: mysql, SQL: select count(*) as aggregate from `users` where `email` = abdelladedh@gmail.com) at C:\\Users\\Youcode\\Desktop\\Works\\WORKING ON\\IFOODY-online-restaurant-booking-system\\Server-side\\vendor\\laravel\\framework\\src\\Illuminate\\Database\\Connection.php:793)
[stacktrace]
#0 C:\\Users\\Youcode\\Desktop\\Works\\WORKING ON\\IFOODY-online-restaurant-booking-system\\Server-side\\vendor\\laravel\\framework\\src\\Illuminate\\Database\\Connection.php(753): Illuminate\\Database\\Connection->runQueryCallback('select count(*)...', Array, Object(Closure))
#1 C:\\Users\\Youcode\\Desktop\\Works\\WORKING ON\\IFOODY-online-restaurant-booking-system\\Server-side\\vendor\\laravel\\framework\\src\\Illuminate\\Database\\Connection.php(422): Illuminate\\Database\\Connection->run('select count(*)...', Array, Object(Closure))
#2 C:\\Users\\Youcode\\Desktop\\Works\\WORKING ON\\IFOODY-online-restaurant-booking-system\\Server-side\\vendor\\laravel\\framework\\src\\Illuminate\\Database\\Query\\Builder.php(2719): Illuminate\\Database\\Connection->select('select count(*)...', Array, false)
#3 C:\\Users\\Youcode\\Desktop\\Works\\WORKING ON\\IFOODY-online-restaurant-booking-system\\Server-side\\vendor\\laravel\\framework\\src\\Illuminate\\Database\\Query\\Builder.php(2707): Illuminate\\Database\\Query\\Builder->runSelect()
#4 C:\\Users\\Youcode\\Desktop\\Works\\WORKING ON\\IFOODY-online-restaurant-booking-system\\Server-side\\vendor\\laravel\\framework\\src\\Illuminate\\Database\\Query\\Builder.php(3248): Illuminate\\Database\\Query\\Builder->Illuminate\\Database\\Query\\{closure}()
#5 C:\\Users\\Youcode\\Desktop\\Works\\WORKING ON\\IFOODY-online-restaurant-booking-system\\Server-side\\vendor\\laravel\\framework\\src\\Illuminate\\Database\\Query\\Builder.php(2708): Illuminate\\Database\\Query\\Builder->onceWithColumns(Array, Object(Closure))
#6 C:\\Users\\Youcode\\Desktop\\Works\\WORKING ON\\IFOODY-online-restaurant-booking-system\\Server-side\\vendor\\laravel\\framework\\src\\Illuminate\\Database\\Query\\Builder.php(3175): Illuminate\\Database\\Query\\Builder->get(Array)
#7 C:\\Users\\Youcode\\Desktop\\Works\\WORKING ON\\IFOODY-online-restaurant-booking-system\\Server-side\\vendor\\laravel\\framework\\src\\Illuminate\\Database\\Query\\Builder.php(3103): Illuminate\\Database\\Query\\Builder->aggregate('count', Array)
#8 C:\\Users\\Youcode\\Desktop\\Works\\WORKING ON\\IFOODY-online-restaurant-booking-system\\Server-side\\vendor\\laravel\\framework\\src\\Illuminate\\Validation\\DatabasePresenceVerifier.php(54): Illuminate\\Database\\Query\\Builder->count()
#9 C:\\Users\\Youcode\\Desktop\\Works\\WORKING ON\\IFOODY-online-restaurant-booking-system\\Server-side\\vendor\\laravel\\framework\\src\\Illuminate\\Validation\\Concerns\\ValidatesAttributes.php(931): Illuminate\\Validation\\DatabasePresenceVerifier->getCount('users', 'email', 'abdelladedh@gma...', NULL, NULL, Array)
#10 C:\\Users\\Youcode\\Desktop\\Works\\WORKING ON\\IFOODY-online-restaurant-booking-system\\Server-side\\vendor\\laravel\\framework\\src\\Illuminate\\Validation\\Validator.php(624): Illuminate\\Validation\\Validator->validateUnique('email', 'abdelladedh@gma...', Array, Object(Illuminate\\Validation\\Validator))
#11 C:\\Users\\Youcode\\Desktop\\Works\\WORKING ON\\IFOODY-online-restaurant-booking-system\\Server-side\\vendor\\laravel\\framework\\src\\Illuminate\\Validation\\Validator.php(430): Illuminate\\Validation\\Validator->validateAttribute('email', 'Unique')
#12 C:\\Users\\Youcode\\Desktop\\Works\\WORKING ON\\IFOODY-online-restaurant-booking-system\\Server-side\\vendor\\laravel\\framework\\src\\Illuminate\\Validation\\Validator.php(461): Illuminate\\Validation\\Validator->passes()
#13 C:\\Users\\Youcode\\Desktop\\Works\\WORKING ON\\IFOODY-online-restaurant-booking-system\\Server-side\\vendor\\laravel\\framework\\src\\Illuminate\\Validation\\Validator.php(503): Illuminate\\Validation\\Validator->fails()
#14 C:\\Users\\Youcode\\Desktop\\Works\\WORKING ON\\IFOODY-online-restaurant-booking-system\\Server-side\\vendor\\laravel\\framework\\src\\Illuminate\\Foundation\\Providers\\FoundationServiceProvider.php(122): Illuminate\\Validation\\Validator->validate()
#15 C:\\Users\\Youcode\\Desktop\\Works\\WORKING ON\\IFOODY-online-restaurant-booking-system\\Server-side\\vendor\\laravel\\framework\\src\\Illuminate\\Macroable\\Traits\\Macroable.php(124): Illuminate\\Http\\Request->Illuminate\\Foundation\\Providers\\{closure}(Array)
#16 C:\\Users\\Youcode\\Desktop\\Works\\WORKING ON\\IFOODY-online-restaurant-booking-system\\Server-side\\app\\Http\\Controllers\\AuthController.php(47): Illuminate\\Http\\Request->__call('validate', Array)
#17 C:\\Users\\Youcode\\Desktop\\Works\\WORKING ON\\IFOODY-online-restaurant-booking-system\\Server-side\\vendor\\laravel\\framework\\src\\Illuminate\\Routing\\Controller.php(54): App\\Http\\Controllers\\AuthController->register(Object(Illuminate\\Http\\Request))
#18 C:\\Users\\Youcode\\Desktop\\Works\\WORKING ON\\IFOODY-online-restaurant-booking-system\\Server-side\\vendor\\laravel\\framework\\src\\Illuminate\\Routing\\ControllerDispatcher.php(43): Illuminate\\Routing\\Controller->callAction('register', Array)
#19 C:\\Users\\Youcode\\Desktop\\Works\\WORKING ON\\IFOODY-online-restaurant-booking-system\\Server-side\\vendor\\laravel\\framework\\src\\Illuminate\\Routing\\Route.php(260): Illuminate\\Routing\\ControllerDispatcher->dispatch(Object(Illuminate\\Routing\\Route), Object(App\\Http\\Controllers\\AuthController), 'register')
#20 C:\\Users\\Youcode\\Desktop\\Works\\WORKING ON\\IFOODY-online-restaurant-booking-system\\Server-side\\vendor\\laravel\\framework\\src\\Illuminate\\Routing\\Route.php(205): Illuminate\\Routing\\Route->runController()
#21 C:\\Users\\Youcode\\Desktop\\Works\\WORKING ON\\IFOODY-online-restaurant-booking-system\\Server-side\\vendor\\laravel\\framework\\src\\Illuminate\\Routing\\Router.php(798): Illuminate\\Routing\\Route->run()
#22 C:\\Users\\Youcode\\Desktop\\Works\\WORKING ON\\IFOODY-online-restaurant-booking-system\\Server-side\\vendor\\laravel\\framework\\src\\Illuminate\\Pipeline\\Pipeline.php(141): Illuminate\\Routing\\Router->Illuminate\\Routing\\{closure}(Object(Illuminate\\Http\\Request))
#23 C:\\Users\\Youcode\\Desktop\\Works\\WORKING ON\\IFOODY-online-restaurant-booking-system\\Server-side\\vendor\\laravel\\framework\\src\\Illuminate\\Routing\\Middleware\\SubstituteBindings.php(50): Illuminate\\Pipeline\\Pipeline->Illuminate\\Pipeline\\{closure}(Object(Illuminate\\Http\\Request))
#24 C:\\Users\\Youcode\\Desktop\\Works\\WORKING ON\\IFOODY-online-restaurant-booking-system\\Server-side\\vendor\\laravel\\framework\\src\\Illuminate\\Pipeline\\Pipeline.php(180): Illuminate\\Routing\\Middleware\\SubstituteBindings->handle(Object(Illuminate\\Http\\Request), Object(Closure))
#25 C:\\Users\\Youcode\\Desktop\\Works\\WORKING ON\\IFOODY-online-restaurant-booking-system\\Server-side\\vendor\\laravel\\framework\\src\\Illuminate\\Routing\\Middleware\\ThrottleRequests.php(152): Illuminate\\Pipeline\\Pipeline->Illuminate\\Pipeline\\{closure}(Object(Illuminate\\Http\\Request))
#26 C:\\Users\\Youcode\\Desktop\\Works\\WORKING ON\\IFOODY-online-restaurant-booking-system\\Server-side\\vendor\\laravel\\framework\\src\\Illuminate\\Routing\\Middleware\\ThrottleRequests.php(128): Illuminate\\Routing\\Middleware\\ThrottleRequests->handleRequest(Object(Illuminate\\Http\\Request), Object(Closure), Array)
#27 C:\\Users\\Youcode\\Desktop\\Works\\WORKING ON\\IFOODY-online-restaurant-booking-system\\Server-side\\vendor\\laravel\\framework\\src\\Illuminate\\Routing\\Middleware\\ThrottleRequests.php(80): Illuminate\\Routing\\Middleware\\ThrottleRequests->handleRequestUsingNamedLimiter(Object(Illuminate\\Http\\Request), Object(Closure), 'api', Object(Closure))
#28 C:\\Users\\Youcode\\Desktop\\Works\\WORKING ON\\IFOODY-online-restaurant-booking-system\\Server-side\\vendor\\laravel\\framework\\src\\Illuminate\\Pipeline\\Pipeline.php(180): Illuminate\\Routing\\Middleware\\ThrottleRequests->handle(Object(Illuminate\\Http\\Request), Object(Closure), 'api')
#29 C:\\Users\\Youcode\\Desktop\\Works\\WORKING ON\\IFOODY-online-restaurant-booking-system\\Server-side\\vendor\\laravel\\framework\\src\\Illuminate\\Pipeline\\Pipeline.php(116): Illuminate\\Pipeline\\Pipeline->Illuminate\\Pipeline\\{closure}(Object(Illuminate\\Http\\Request))
#30 C:\\Users\\Youcode\\Desktop\\Works\\WORKING ON\\IFOODY-online-restaurant-booking-system\\Server-side\\vendor\\laravel\\framework\\src\\Illuminate\\Routing\\Router.php(799): Illuminate\\Pipeline\\Pipeline->then(Object(Closure))
#31 C:\\Users\\Youcode\\Desktop\\Works\\WORKING ON\\IFOODY-online-restaurant-booking-system\\Server-side\\vendor\\laravel\\framework\\src\\Illuminate\\Routing\\Router.php(776): Illuminate\\Routing\\Router->runRouteWithinStack(Object(Illuminate\\Routing\\Route), Object(Illuminate\\Http\\Request))
#32 C:\\Users\\Youcode\\Desktop\\Works\\WORKING ON\\IFOODY-online-restaurant-booking-system\\Server-side\\vendor\\laravel\\framework\\src\\Illuminate\\Routing\\Router.php(740): Illuminate\\Routing\\Router->runRoute(Object(Illuminate\\Http\\Request), Object(Illuminate\\Routing\\Route))
#33 C:\\Users\\Youcode\\Desktop\\Works\\WORKING ON\\IFOODY-online-restaurant-booking-system\\Server-side\\vendor\\laravel\\framework\\src\\Illuminate\\Routing\\Router.php(729): Illuminate\\Routing\\Router->dispatchToRoute(Object(Illuminate\\Http\\Request))
#34 C:\\Users\\Youcode\\Desktop\\Works\\WORKING ON\\IFOODY-online-restaurant-booking-system\\Server-side\\vendor\\laravel\\framework\\src\\Illuminate\\Foundation\\Http\\Kernel.php(200): Illuminate\\Routing\\Router->dispatch(Object(Illuminate\\Http\\Request))
#35 C:\\Users\\Youcode\\Desktop\\Works\\WORKING ON\\IFOODY-online-restaurant-booking-system\\Server-side\\vendor\\laravel\\framework\\src\\Illuminate\\Pipeline\\Pipeline.php(141): Illuminate\\Foundation\\Http\\Kernel->Illuminate\\Foundation\\Http\\{closure}(Object(Illuminate\\Http\\Request))
#36 C:\\Users\\Youcode\\Desktop\\Works\\WORKING ON\\IFOODY-online-restaurant-booking-system\\Server-side\\vendor\\laravel\\framework\\src\\Illuminate\\Foundation\\Http\\Middleware\\TransformsRequest.php(21): Illuminate\\Pipeline\\Pipeline->Illuminate\\Pipeline\\{closure}(Object(Illuminate\\Http\\Request))
#37 C:\\Users\\Youcode\\Desktop\\Works\\WORKING ON\\IFOODY-online-restaurant-booking-system\\Server-side\\vendor\\laravel\\framework\\src\\Illuminate\\Foundation\\Http\\Middleware\\ConvertEmptyStringsToNull.php(31): Illuminate\\Foundation\\Http\\Middleware\\TransformsRequest->handle(Object(Illuminate\\Http\\Request), Object(Closure))
#38 C:\\Users\\Youcode\\Desktop\\Works\\WORKING ON\\IFOODY-online-restaurant-booking-system\\Server-side\\vendor\\laravel\\framework\\src\\Illuminate\\Pipeline\\Pipeline.php(180): Illuminate\\Foundation\\Http\\Middleware\\ConvertEmptyStringsToNull->handle(Object(Illuminate\\Http\\Request), Object(Closure))
#39 C:\\Users\\Youcode\\Desktop\\Works\\WORKING ON\\IFOODY-online-restaurant-booking-system\\Server-side\\vendor\\laravel\\framework\\src\\Illuminate\\Foundation\\Http\\Middleware\\TransformsRequest.php(21): Illuminate\\Pipeline\\Pipeline->Illuminate\\Pipeline\\{closure}(Object(Illuminate\\Http\\Request))
#40 C:\\Users\\Youcode\\Desktop\\Works\\WORKING ON\\IFOODY-online-restaurant-booking-system\\Server-side\\vendor\\laravel\\framework\\src\\Illuminate\\Foundation\\Http\\Middleware\\TrimStrings.php(40): Illuminate\\Foundation\\Http\\Middleware\\TransformsRequest->handle(Object(Illuminate\\Http\\Request), Object(Closure))
#41 C:\\Users\\Youcode\\Desktop\\Works\\WORKING ON\\IFOODY-online-restaurant-booking-system\\Server-side\\vendor\\laravel\\framework\\src\\Illuminate\\Pipeline\\Pipeline.php(180): Illuminate\\Foundation\\Http\\Middleware\\TrimStrings->handle(Object(Illuminate\\Http\\Request), Object(Closure))
#42 C:\\Users\\Youcode\\Desktop\\Works\\WORKING ON\\IFOODY-online-restaurant-booking-system\\Server-side\\vendor\\laravel\\framework\\src\\Illuminate\\Foundation\\Http\\Middleware\\ValidatePostSize.php(27): Illuminate\\Pipeline\\Pipeline->Illuminate\\Pipeline\\{closure}(Object(Illuminate\\Http\\Request))
#43 C:\\Users\\Youcode\\Desktop\\Works\\WORKING ON\\IFOODY-online-restaurant-booking-system\\Server-side\\vendor\\laravel\\framework\\src\\Illuminate\\Pipeline\\Pipeline.php(180): Illuminate\\Foundation\\Http\\Middleware\\ValidatePostSize->handle(Object(Illuminate\\Http\\Request), Object(Closure))
#44 C:\\Users\\Youcode\\Desktop\\Works\\WORKING ON\\IFOODY-online-restaurant-booking-system\\Server-side\\vendor\\laravel\\framework\\src\\Illuminate\\Foundation\\Http\\Middleware\\PreventRequestsDuringMaintenance.php(86): Illuminate\\Pipeline\\Pipeline->Illuminate\\Pipeline\\{closure}(Object(Illuminate\\Http\\Request))
#45 C:\\Users\\Youcode\\Desktop\\Works\\WORKING ON\\IFOODY-online-restaurant-booking-system\\Server-side\\vendor\\laravel\\framework\\src\\Illuminate\\Pipeline\\Pipeline.php(180): Illuminate\\Foundation\\Http\\Middleware\\PreventRequestsDuringMaintenance->handle(Object(Illuminate\\Http\\Request), Object(Closure))
#46 C:\\Users\\Youcode\\Desktop\\Works\\WORKING ON\\IFOODY-online-restaurant-booking-system\\Server-side\\vendor\\laravel\\framework\\src\\Illuminate\\Http\\Middleware\\HandleCors.php(62): Illuminate\\Pipeline\\Pipeline->Illuminate\\Pipeline\\{closure}(Object(Illuminate\\Http\\Request))
#47 C:\\Users\\Youcode\\Desktop\\Works\\WORKING ON\\IFOODY-online-restaurant-booking-system\\Server-side\\vendor\\laravel\\framework\\src\\Illuminate\\Pipeline\\Pipeline.php(180): Illuminate\\Http\\Middleware\\HandleCors->handle(Object(Illuminate\\Http\\Request), Object(Closure))
#48 C:\\Users\\Youcode\\Desktop\\Works\\WORKING ON\\IFOODY-online-restaurant-booking-system\\Server-side\\vendor\\laravel\\framework\\src\\Illuminate\\Http\\Middleware\\TrustProxies.php(39): Illuminate\\Pipeline\\Pipeline->Illuminate\\Pipeline\\{closure}(Object(Illuminate\\Http\\Request))
#49 C:\\Users\\Youcode\\Desktop\\Works\\WORKING ON\\IFOODY-online-restaurant-booking-system\\Server-side\\vendor\\laravel\\framework\\src\\Illuminate\\Pipeline\\Pipeline.php(180): Illuminate\\Http\\Middleware\\TrustProxies->handle(Object(Illuminate\\Http\\Request), Object(Closure))
#50 C:\\Users\\Youcode\\Desktop\\Works\\WORKING ON\\IFOODY-online-restaurant-booking-system\\Server-side\\vendor\\laravel\\framework\\src\\Illuminate\\Pipeline\\Pipeline.php(116): Illuminate\\Pipeline\\Pipeline->Illuminate\\Pipeline\\{closure}(Object(Illuminate\\Http\\Request))
#51 C:\\Users\\Youcode\\Desktop\\Works\\WORKING ON\\IFOODY-online-restaurant-booking-system\\Server-side\\vendor\\laravel\\framework\\src\\Illuminate\\Foundation\\Http\\Kernel.php(175): Illuminate\\Pipeline\\Pipeline->then(Object(Closure))
#52 C:\\Users\\Youcode\\Desktop\\Works\\WORKING ON\\IFOODY-online-restaurant-booking-system\\Server-side\\vendor\\laravel\\framework\\src\\Illuminate\\Foundation\\Http\\Kernel.php(144): Illuminate\\Foundation\\Http\\Kernel->sendRequestThroughRouter(Object(Illuminate\\Http\\Request))
#53 C:\\Users\\Youcode\\Desktop\\Works\\WORKING ON\\IFOODY-online-restaurant-booking-system\\Server-side\\public\\index.php(52): Illuminate\\Foundation\\Http\\Kernel->handle(Object(Illuminate\\Http\\Request))
#54 C:\\Users\\Youcode\\Desktop\\Works\\WORKING ON\\IFOODY-online-restaurant-booking-system\\Server-side\\vendor\\laravel\\framework\\src\\Illuminate\\Foundation\\resources\\server.php(16): require_once('C:\\\\Users\\\\Youcod...')
#55 {main}

[previous exception] [object] (PDOException(code: 2002): SQLSTATE[HY000] [2002] Aucune connexion n’a pu être établie car l’ordinateur cible l’a expressément refusée at C:\\Users\\Youcode\\Desktop\\Works\\WORKING ON\\IFOODY-online-restaurant-booking-system\\Server-side\\vendor\\laravel\\framework\\src\\Illuminate\\Database\\Connectors\\Connector.php:65)
[stacktrace]
#0 C:\\Users\\Youcode\\Desktop\\Works\\WORKING ON\\IFOODY-online-restaurant-booking-system\\Server-side\\vendor\\laravel\\framework\\src\\Illuminate\\Database\\Connectors\\Connector.php(65): PDO->__construct('mysql:host=127....', 'root', '', Array)
#1 C:\\Users\\Youcode\\Desktop\\Works\\WORKING ON\\IFOODY-online-restaurant-booking-system\\Server-side\\vendor\\laravel\\framework\\src\\Illuminate\\Database\\Connectors\\Connector.php(45): Illuminate\\Database\\Connectors\\Connector->createPdoConnection('mysql:host=127....', 'root', '', Array)
#2 C:\\Users\\Youcode\\Desktop\\Works\\WORKING ON\\IFOODY-online-restaurant-booking-system\\Server-side\\vendor\\laravel\\framework\\src\\Illuminate\\Database\\Connectors\\MySqlConnector.php(24): Illuminate\\Database\\Connectors\\Connector->createConnection('mysql:host=127....', Array, Array)
#3 C:\\Users\\Youcode\\Desktop\\Works\\WORKING ON\\IFOODY-online-restaurant-booking-system\\Server-side\\vendor\\laravel\\framework\\src\\Illuminate\\Database\\Connectors\\ConnectionFactory.php(184): Illuminate\\Database\\Connectors\\MySqlConnector->connect(Array)
#4 [internal function]: Illuminate\\Database\\Connectors\\ConnectionFactory->Illuminate\\Database\\Connectors\\{closure}()
#5 C:\\Users\\Youcode\\Desktop\\Works\\WORKING ON\\IFOODY-online-restaurant-booking-system\\Server-side\\vendor\\laravel\\framework\\src\\Illuminate\\Database\\Connection.php(1210): call_user_func(Object(Closure))
#6 C:\\Users\\Youcode\\Desktop\\Works\\WORKING ON\\IFOODY-online-restaurant-booking-system\\Server-side\\vendor\\laravel\\framework\\src\\Illuminate\\Database\\Connection.php(519): Illuminate\\Database\\Connection->getPdo()
#7 C:\\Users\\Youcode\\Desktop\\Works\\WORKING ON\\IFOODY-online-restaurant-booking-system\\Server-side\\vendor\\laravel\\framework\\src\\Illuminate\\Database\\Connection.php(414): Illuminate\\Database\\Connection->getPdoForSelect(false)
#8 C:\\Users\\Youcode\\Desktop\\Works\\WORKING ON\\IFOODY-online-restaurant-booking-system\\Server-side\\vendor\\laravel\\framework\\src\\Illuminate\\Database\\Connection.php(786): Illuminate\\Database\\Connection->Illuminate\\Database\\{closure}('select count(*)...', Array)
#9 C:\\Users\\Youcode\\Desktop\\Works\\WORKING ON\\IFOODY-online-restaurant-booking-system\\Server-side\\vendor\\laravel\\framework\\src\\Illuminate\\Database\\Connection.php(753): Illuminate\\Database\\Connection->runQueryCallback('select count(*)...', Array, Object(Closure))
#10 C:\\Users\\Youcode\\Desktop\\Works\\WORKING ON\\IFOODY-online-restaurant-booking-system\\Server-side\\vendor\\laravel\\framework\\src\\Illuminate\\Database\\Connection.php(422): Illuminate\\Database\\Connection->run('select count(*)...', Array, Object(Closure))
#11 C:\\Users\\Youcode\\Desktop\\Works\\WORKING ON\\IFOODY-online-restaurant-booking-system\\Server-side\\vendor\\laravel\\framework\\src\\Illuminate\\Database\\Query\\Builder.php(2719): Illuminate\\Database\\Connection->select('select count(*)...', Array, false)
#12 C:\\Users\\Youcode\\Desktop\\Works\\WORKING ON\\IFOODY-online-restaurant-booking-system\\Server-side\\vendor\\laravel\\framework\\src\\Illuminate\\Database\\Query\\Builder.php(2707): Illuminate\\Database\\Query\\Builder->runSelect()
#13 C:\\Users\\Youcode\\Desktop\\Works\\WORKING ON\\IFOODY-online-restaurant-booking-system\\Server-side\\vendor\\laravel\\framework\\src\\Illuminate\\Database\\Query\\Builder.php(3248): Illuminate\\Database\\Query\\Builder->Illuminate\\Database\\Query\\{closure}()
#14 C:\\Users\\Youcode\\Desktop\\Works\\WORKING ON\\IFOODY-online-restaurant-booking-system\\Server-side\\vendor\\laravel\\framework\\src\\Illuminate\\Database\\Query\\Builder.php(2708): Illuminate\\Database\\Query\\Builder->onceWithColumns(Array, Object(Closure))
#15 C:\\Users\\Youcode\\Desktop\\Works\\WORKING ON\\IFOODY-online-restaurant-booking-system\\Server-side\\vendor\\laravel\\framework\\src\\Illuminate\\Database\\Query\\Builder.php(3175): Illuminate\\Database\\Query\\Builder->get(Array)
#16 C:\\Users\\Youcode\\Desktop\\Works\\WORKING ON\\IFOODY-online-restaurant-booking-system\\Server-side\\vendor\\laravel\\framework\\src\\Illuminate\\Database\\Query\\Builder.php(3103): Illuminate\\Database\\Query\\Builder->aggregate('count', Array)
#17 C:\\Users\\Youcode\\Desktop\\Works\\WORKING ON\\IFOODY-online-restaurant-booking-system\\Server-side\\vendor\\laravel\\framework\\src\\Illuminate\\Validation\\DatabasePresenceVerifier.php(54): Illuminate\\Database\\Query\\Builder->count()
#18 C:\\Users\\Youcode\\Desktop\\Works\\WORKING ON\\IFOODY-online-restaurant-booking-system\\Server-side\\vendor\\laravel\\framework\\src\\Illuminate\\Validation\\Concerns\\ValidatesAttributes.php(931): Illuminate\\Validation\\DatabasePresenceVerifier->getCount('users', 'email', 'abdelladedh@gma...', NULL, NULL, Array)
#19 C:\\Users\\Youcode\\Desktop\\Works\\WORKING ON\\IFOODY-online-restaurant-booking-system\\Server-side\\vendor\\laravel\\framework\\src\\Illuminate\\Validation\\Validator.php(624): Illuminate\\Validation\\Validator->validateUnique('email', 'abdelladedh@gma...', Array, Object(Illuminate\\Validation\\Validator))
#20 C:\\Users\\Youcode\\Desktop\\Works\\WORKING ON\\IFOODY-online-restaurant-booking-system\\Server-side\\vendor\\laravel\\framework\\src\\Illuminate\\Validation\\Validator.php(430): Illuminate\\Validation\\Validator->validateAttribute('email', 'Unique')
#21 C:\\Users\\Youcode\\Desktop\\Works\\WORKING ON\\IFOODY-online-restaurant-booking-system\\Server-side\\vendor\\laravel\\framework\\src\\Illuminate\\Validation\\Validator.php(461): Illuminate\\Validation\\Validator->passes()
#22 C:\\Users\\Youcode\\Desktop\\Works\\WORKING ON\\IFOODY-online-restaurant-booking-system\\Server-side\\vendor\\laravel\\framework\\src\\Illuminate\\Validation\\Validator.php(503): Illuminate\\Validation\\Validator->fails()
#23 C:\\Users\\Youcode\\Desktop\\Works\\WORKING ON\\IFOODY-online-restaurant-booking-system\\Server-side\\vendor\\laravel\\framework\\src\\Illuminate\\Foundation\\Providers\\FoundationServiceProvider.php(122): Illuminate\\Validation\\Validator->validate()
#24 C:\\Users\\Youcode\\Desktop\\Works\\WORKING ON\\IFOODY-online-restaurant-booking-system\\Server-side\\vendor\\laravel\\framework\\src\\Illuminate\\Macroable\\Traits\\Macroable.php(124): Illuminate\\Http\\Request->Illuminate\\Foundation\\Providers\\{closure}(Array)
#25 C:\\Users\\Youcode\\Desktop\\Works\\WORKING ON\\IFOODY-online-restaurant-booking-system\\Server-side\\app\\Http\\Controllers\\AuthController.php(47): Illuminate\\Http\\Request->__call('validate', Array)
#26 C:\\Users\\Youcode\\Desktop\\Works\\WORKING ON\\IFOODY-online-restaurant-booking-system\\Server-side\\vendor\\laravel\\framework\\src\\Illuminate\\Routing\\Controller.php(54): App\\Http\\Controllers\\AuthController->register(Object(Illuminate\\Http\\Request))
#27 C:\\Users\\Youcode\\Desktop\\Works\\WORKING ON\\IFOODY-online-restaurant-booking-system\\Server-side\\vendor\\laravel\\framework\\src\\Illuminate\\Routing\\ControllerDispatcher.php(43): Illuminate\\Routing\\Controller->callAction('register', Array)
#28 C:\\Users\\Youcode\\Desktop\\Works\\WORKING ON\\IFOODY-online-restaurant-booking-system\\Server-side\\vendor\\laravel\\framework\\src\\Illuminate\\Routing\\Route.php(260): Illuminate\\Routing\\ControllerDispatcher->dispatch(Object(Illuminate\\Routing\\Route), Object(App\\Http\\Controllers\\AuthController), 'register')
#29 C:\\Users\\Youcode\\Desktop\\Works\\WORKING ON\\IFOODY-online-restaurant-booking-system\\Server-side\\vendor\\laravel\\framework\\src\\Illuminate\\Routing\\Route.php(205): Illuminate\\Routing\\Route->runController()
#30 C:\\Users\\Youcode\\Desktop\\Works\\WORKING ON\\IFOODY-online-restaurant-booking-system\\Server-side\\vendor\\laravel\\framework\\src\\Illuminate\\Routing\\Router.php(798): Illuminate\\Routing\\Route->run()
#31 C:\\Users\\Youcode\\Desktop\\Works\\WORKING ON\\IFOODY-online-restaurant-booking-system\\Server-side\\vendor\\laravel\\framework\\src\\Illuminate\\Pipeline\\Pipeline.php(141): Illuminate\\Routing\\Router->Illuminate\\Routing\\{closure}(Object(Illuminate\\Http\\Request))
#32 C:\\Users\\Youcode\\Desktop\\Works\\WORKING ON\\IFOODY-online-restaurant-booking-system\\Server-side\\vendor\\laravel\\framework\\src\\Illuminate\\Routing\\Middleware\\SubstituteBindings.php(50): Illuminate\\Pipeline\\Pipeline->Illuminate\\Pipeline\\{closure}(Object(Illuminate\\Http\\Request))
#33 C:\\Users\\Youcode\\Desktop\\Works\\WORKING ON\\IFOODY-online-restaurant-booking-system\\Server-side\\vendor\\laravel\\framework\\src\\Illuminate\\Pipeline\\Pipeline.php(180): Illuminate\\Routing\\Middleware\\SubstituteBindings->handle(Object(Illuminate\\Http\\Request), Object(Closure))
#34 C:\\Users\\Youcode\\Desktop\\Works\\WORKING ON\\IFOODY-online-restaurant-booking-system\\Server-side\\vendor\\laravel\\framework\\src\\Illuminate\\Routing\\Middleware\\ThrottleRequests.php(152): Illuminate\\Pipeline\\Pipeline->Illuminate\\Pipeline\\{closure}(Object(Illuminate\\Http\\Request))
#35 C:\\Users\\Youcode\\Desktop\\Works\\WORKING ON\\IFOODY-online-restaurant-booking-system\\Server-side\\vendor\\laravel\\framework\\src\\Illuminate\\Routing\\Middleware\\ThrottleRequests.php(128): Illuminate\\Routing\\Middleware\\ThrottleRequests->handleRequest(Object(Illuminate\\Http\\Request), Object(Closure), Array)
#36 C:\\Users\\Youcode\\Desktop\\Works\\WORKING ON\\IFOODY-online-restaurant-booking-system\\Server-side\\vendor\\laravel\\framework\\src\\Illuminate\\Routing\\Middleware\\ThrottleRequests.php(80): Illuminate\\Routing\\Middleware\\ThrottleRequests->handleRequestUsingNamedLimiter(Object(Illuminate\\Http\\Request), Object(Closure), 'api', Object(Closure))
#37 C:\\Users\\Youcode\\Desktop\\Works\\WORKING ON\\IFOODY-online-restaurant-booking-system\\Server-side\\vendor\\laravel\\framework\\src\\Illuminate\\Pipeline\\Pipeline.php(180): Illuminate\\Routing\\Middleware\\ThrottleRequests->handle(Object(Illuminate\\Http\\Request), Object(Closure), 'api')
#38 C:\\Users\\Youcode\\Desktop\\Works\\WORKING ON\\IFOODY-online-restaurant-booking-system\\Server-side\\vendor\\laravel\\framework\\src\\Illuminate\\Pipeline\\Pipeline.php(116): Illuminate\\Pipeline\\Pipeline->Illuminate\\Pipeline\\{closure}(Object(Illuminate\\Http\\Request))
#39 C:\\Users\\Youcode\\Desktop\\Works\\WORKING ON\\IFOODY-online-restaurant-booking-system\\Server-side\\vendor\\laravel\\framework\\src\\Illuminate\\Routing\\Router.php(799): Illuminate\\Pipeline\\Pipeline->then(Object(Closure))
#40 C:\\Users\\Youcode\\Desktop\\Works\\WORKING ON\\IFOODY-online-restaurant-booking-system\\Server-side\\vendor\\laravel\\framework\\src\\Illuminate\\Routing\\Router.php(776): Illuminate\\Routing\\Router->runRouteWithinStack(Object(Illuminate\\Routing\\Route), Object(Illuminate\\Http\\Request))
#41 C:\\Users\\Youcode\\Desktop\\Works\\WORKING ON\\IFOODY-online-restaurant-booking-system\\Server-side\\vendor\\laravel\\framework\\src\\Illuminate\\Routing\\Router.php(740): Illuminate\\Routing\\Router->runRoute(Object(Illuminate\\Http\\Request), Object(Illuminate\\Routing\\Route))
#42 C:\\Users\\Youcode\\Desktop\\Works\\WORKING ON\\IFOODY-online-restaurant-booking-system\\Server-side\\vendor\\laravel\\framework\\src\\Illuminate\\Routing\\Router.php(729): Illuminate\\Routing\\Router->dispatchToRoute(Object(Illuminate\\Http\\Request))
#43 C:\\Users\\Youcode\\Desktop\\Works\\WORKING ON\\IFOODY-online-restaurant-booking-system\\Server-side\\vendor\\laravel\\framework\\src\\Illuminate\\Foundation\\Http\\Kernel.php(200): Illuminate\\Routing\\Router->dispatch(Object(Illuminate\\Http\\Request))
#44 C:\\Users\\Youcode\\Desktop\\Works\\WORKING ON\\IFOODY-online-restaurant-booking-system\\Server-side\\vendor\\laravel\\framework\\src\\Illuminate\\Pipeline\\Pipeline.php(141): Illuminate\\Foundation\\Http\\Kernel->Illuminate\\Foundation\\Http\\{closure}(Object(Illuminate\\Http\\Request))
#45 C:\\Users\\Youcode\\Desktop\\Works\\WORKING ON\\IFOODY-online-restaurant-booking-system\\Server-side\\vendor\\laravel\\framework\\src\\Illuminate\\Foundation\\Http\\Middleware\\TransformsRequest.php(21): Illuminate\\Pipeline\\Pipeline->Illuminate\\Pipeline\\{closure}(Object(Illuminate\\Http\\Request))
#46 C:\\Users\\Youcode\\Desktop\\Works\\WORKING ON\\IFOODY-online-restaurant-booking-system\\Server-side\\vendor\\laravel\\framework\\src\\Illuminate\\Foundation\\Http\\Middleware\\ConvertEmptyStringsToNull.php(31): Illuminate\\Foundation\\Http\\Middleware\\TransformsRequest->handle(Object(Illuminate\\Http\\Request), Object(Closure))
#47 C:\\Users\\Youcode\\Desktop\\Works\\WORKING ON\\IFOODY-online-restaurant-booking-system\\Server-side\\vendor\\laravel\\framework\\src\\Illuminate\\Pipeline\\Pipeline.php(180): Illuminate\\Foundation\\Http\\Middleware\\ConvertEmptyStringsToNull->handle(Object(Illuminate\\Http\\Request), Object(Closure))
#48 C:\\Users\\Youcode\\Desktop\\Works\\WORKING ON\\IFOODY-online-restaurant-booking-system\\Server-side\\vendor\\laravel\\framework\\src\\Illuminate\\Foundation\\Http\\Middleware\\TransformsRequest.php(21): Illuminate\\Pipeline\\Pipeline->Illuminate\\Pipeline\\{closure}(Object(Illuminate\\Http\\Request))
#49 C:\\Users\\Youcode\\Desktop\\Works\\WORKING ON\\IFOODY-online-restaurant-booking-system\\Server-side\\vendor\\laravel\\framework\\src\\Illuminate\\Foundation\\Http\\Middleware\\TrimStrings.php(40): Illuminate\\Foundation\\Http\\Middleware\\TransformsRequest->handle(Object(Illuminate\\Http\\Request), Object(Closure))
#50 C:\\Users\\Youcode\\Desktop\\Works\\WORKING ON\\IFOODY-online-restaurant-booking-system\\Server-side\\vendor\\laravel\\framework\\src\\Illuminate\\Pipeline\\Pipeline.php(180): Illuminate\\Foundation\\Http\\Middleware\\TrimStrings->handle(Object(Illuminate\\Http\\Request), Object(Closure))
#51 C:\\Users\\Youcode\\Desktop\\Works\\WORKING ON\\IFOODY-online-restaurant-booking-system\\Server-side\\vendor\\laravel\\framework\\src\\Illuminate\\Foundation\\Http\\Middleware\\ValidatePostSize.php(27): Illuminate\\Pipeline\\Pipeline->Illuminate\\Pipeline\\{closure}(Object(Illuminate\\Http\\Request))
#52 C:\\Users\\Youcode\\Desktop\\Works\\WORKING ON\\IFOODY-online-restaurant-booking-system\\Server-side\\vendor\\laravel\\framework\\src\\Illuminate\\Pipeline\\Pipeline.php(180): Illuminate\\Foundation\\Http\\Middleware\\ValidatePostSize->handle(Object(Illuminate\\Http\\Request), Object(Closure))
#53 C:\\Users\\Youcode\\Desktop\\Works\\WORKING ON\\IFOODY-online-restaurant-booking-system\\Server-side\\vendor\\laravel\\framework\\src\\Illuminate\\Foundation\\Http\\Middleware\\PreventRequestsDuringMaintenance.php(86): Illuminate\\Pipeline\\Pipeline->Illuminate\\Pipeline\\{closure}(Object(Illuminate\\Http\\Request))
#54 C:\\Users\\Youcode\\Desktop\\Works\\WORKING ON\\IFOODY-online-restaurant-booking-system\\Server-side\\vendor\\laravel\\framework\\src\\Illuminate\\Pipeline\\Pipeline.php(180): Illuminate\\Foundation\\Http\\Middleware\\PreventRequestsDuringMaintenance->handle(Object(Illuminate\\Http\\Request), Object(Closure))
#55 C:\\Users\\Youcode\\Desktop\\Works\\WORKING ON\\IFOODY-online-restaurant-booking-system\\Server-side\\vendor\\laravel\\framework\\src\\Illuminate\\Http\\Middleware\\HandleCors.php(62): Illuminate\\Pipeline\\Pipeline->Illuminate\\Pipeline\\{closure}(Object(Illuminate\\Http\\Request))
#56 C:\\Users\\Youcode\\Desktop\\Works\\WORKING ON\\IFOODY-online-restaurant-booking-system\\Server-side\\vendor\\laravel\\framework\\src\\Illuminate\\Pipeline\\Pipeline.php(180): Illuminate\\Http\\Middleware\\HandleCors->handle(Object(Illuminate\\Http\\Request), Object(Closure))
#57 C:\\Users\\Youcode\\Desktop\\Works\\WORKING ON\\IFOODY-online-restaurant-booking-system\\Server-side\\vendor\\laravel\\framework\\src\\Illuminate\\Http\\Middleware\\TrustProxies.php(39): Illuminate\\Pipeline\\Pipeline->Illuminate\\Pipeline\\{closure}(Object(Illuminate\\Http\\Request))
#58 C:\\Users\\Youcode\\Desktop\\Works\\WORKING ON\\IFOODY-online-restaurant-booking-system\\Server-side\\vendor\\laravel\\framework\\src\\Illuminate\\Pipeline\\Pipeline.php(180): Illuminate\\Http\\Middleware\\TrustProxies->handle(Object(Illuminate\\Http\\Request), Object(Closure))
#59 C:\\Users\\Youcode\\Desktop\\Works\\WORKING ON\\IFOODY-online-restaurant-booking-system\\Server-side\\vendor\\laravel\\framework\\src\\Illuminate\\Pipeline\\Pipeline.php(116): Illuminate\\Pipeline\\Pipeline->Illuminate\\Pipeline\\{closure}(Object(Illuminate\\Http\\Request))
#60 C:\\Users\\Youcode\\Desktop\\Works\\WORKING ON\\IFOODY-online-restaurant-booking-system\\Server-side\\vendor\\laravel\\framework\\src\\Illuminate\\Foundation\\Http\\Kernel.php(175): Illuminate\\Pipeline\\Pipeline->then(Object(Closure))
#61 C:\\Users\\Youcode\\Desktop\\Works\\WORKING ON\\IFOODY-online-restaurant-booking-system\\Server-side\\vendor\\laravel\\framework\\src\\Illuminate\\Foundation\\Http\\Kernel.php(144): Illuminate\\Foundation\\Http\\Kernel->sendRequestThroughRouter(Object(Illuminate\\Http\\Request))
#62 C:\\Users\\Youcode\\Desktop\\Works\\WORKING ON\\IFOODY-online-restaurant-booking-system\\Server-side\\public\\index.php(52): Illuminate\\Foundation\\Http\\Kernel->handle(Object(Illuminate\\Http\\Request))
#63 C:\\Users\\Youcode\\Desktop\\Works\\WORKING ON\\IFOODY-online-restaurant-booking-system\\Server-side\\vendor\\laravel\\framework\\src\\Illuminate\\Foundation\\resources\\server.php(16): require_once('C:\\\\Users\\\\Youcod...')
#64 {main}
"} 
[2023-05-27 15:56:35] local.ERROR: SQLSTATE[HY000] [1049] Unknown database 'ifoodydb' (Connection: mysql, SQL: select count(*) as aggregate from `users` where `email` = abdelladedh@gmail.com) {"exception":"[object] (Illuminate\\Database\\QueryException(code: 1049): SQLSTATE[HY000] [1049] Unknown database 'ifoodydb' (Connection: mysql, SQL: select count(*) as aggregate from `users` where `email` = abdelladedh@gmail.com) at C:\\Users\\Youcode\\Desktop\\Works\\WORKING ON\\IFOODY-online-restaurant-booking-system\\Server-side\\vendor\\laravel\\framework\\src\\Illuminate\\Database\\Connection.php:793)
[stacktrace]
#0 C:\\Users\\Youcode\\Desktop\\Works\\WORKING ON\\IFOODY-online-restaurant-booking-system\\Server-side\\vendor\\laravel\\framework\\src\\Illuminate\\Database\\Connection.php(753): Illuminate\\Database\\Connection->runQueryCallback('select count(*)...', Array, Object(Closure))
#1 C:\\Users\\Youcode\\Desktop\\Works\\WORKING ON\\IFOODY-online-restaurant-booking-system\\Server-side\\vendor\\laravel\\framework\\src\\Illuminate\\Database\\Connection.php(422): Illuminate\\Database\\Connection->run('select count(*)...', Array, Object(Closure))
#2 C:\\Users\\Youcode\\Desktop\\Works\\WORKING ON\\IFOODY-online-restaurant-booking-system\\Server-side\\vendor\\laravel\\framework\\src\\Illuminate\\Database\\Query\\Builder.php(2719): Illuminate\\Database\\Connection->select('select count(*)...', Array, false)
#3 C:\\Users\\Youcode\\Desktop\\Works\\WORKING ON\\IFOODY-online-restaurant-booking-system\\Server-side\\vendor\\laravel\\framework\\src\\Illuminate\\Database\\Query\\Builder.php(2707): Illuminate\\Database\\Query\\Builder->runSelect()
#4 C:\\Users\\Youcode\\Desktop\\Works\\WORKING ON\\IFOODY-online-restaurant-booking-system\\Server-side\\vendor\\laravel\\framework\\src\\Illuminate\\Database\\Query\\Builder.php(3248): Illuminate\\Database\\Query\\Builder->Illuminate\\Database\\Query\\{closure}()
#5 C:\\Users\\Youcode\\Desktop\\Works\\WORKING ON\\IFOODY-online-restaurant-booking-system\\Server-side\\vendor\\laravel\\framework\\src\\Illuminate\\Database\\Query\\Builder.php(2708): Illuminate\\Database\\Query\\Builder->onceWithColumns(Array, Object(Closure))
#6 C:\\Users\\Youcode\\Desktop\\Works\\WORKING ON\\IFOODY-online-restaurant-booking-system\\Server-side\\vendor\\laravel\\framework\\src\\Illuminate\\Database\\Query\\Builder.php(3175): Illuminate\\Database\\Query\\Builder->get(Array)
#7 C:\\Users\\Youcode\\Desktop\\Works\\WORKING ON\\IFOODY-online-restaurant-booking-system\\Server-side\\vendor\\laravel\\framework\\src\\Illuminate\\Database\\Query\\Builder.php(3103): Illuminate\\Database\\Query\\Builder->aggregate('count', Array)
#8 C:\\Users\\Youcode\\Desktop\\Works\\WORKING ON\\IFOODY-online-restaurant-booking-system\\Server-side\\vendor\\laravel\\framework\\src\\Illuminate\\Validation\\DatabasePresenceVerifier.php(54): Illuminate\\Database\\Query\\Builder->count()
#9 C:\\Users\\Youcode\\Desktop\\Works\\WORKING ON\\IFOODY-online-restaurant-booking-system\\Server-side\\vendor\\laravel\\framework\\src\\Illuminate\\Validation\\Concerns\\ValidatesAttributes.php(931): Illuminate\\Validation\\DatabasePresenceVerifier->getCount('users', 'email', 'abdelladedh@gma...', NULL, NULL, Array)
#10 C:\\Users\\Youcode\\Desktop\\Works\\WORKING ON\\IFOODY-online-restaurant-booking-system\\Server-side\\vendor\\laravel\\framework\\src\\Illuminate\\Validation\\Validator.php(624): Illuminate\\Validation\\Validator->validateUnique('email', 'abdelladedh@gma...', Array, Object(Illuminate\\Validation\\Validator))
#11 C:\\Users\\Youcode\\Desktop\\Works\\WORKING ON\\IFOODY-online-restaurant-booking-system\\Server-side\\vendor\\laravel\\framework\\src\\Illuminate\\Validation\\Validator.php(430): Illuminate\\Validation\\Validator->validateAttribute('email', 'Unique')
#12 C:\\Users\\Youcode\\Desktop\\Works\\WORKING ON\\IFOODY-online-restaurant-booking-system\\Server-side\\vendor\\laravel\\framework\\src\\Illuminate\\Validation\\Validator.php(461): Illuminate\\Validation\\Validator->passes()
#13 C:\\Users\\Youcode\\Desktop\\Works\\WORKING ON\\IFOODY-online-restaurant-booking-system\\Server-side\\vendor\\laravel\\framework\\src\\Illuminate\\Validation\\Validator.php(503): Illuminate\\Validation\\Validator->fails()
#14 C:\\Users\\Youcode\\Desktop\\Works\\WORKING ON\\IFOODY-online-restaurant-booking-system\\Server-side\\vendor\\laravel\\framework\\src\\Illuminate\\Foundation\\Providers\\FoundationServiceProvider.php(122): Illuminate\\Validation\\Validator->validate()
#15 C:\\Users\\Youcode\\Desktop\\Works\\WORKING ON\\IFOODY-online-restaurant-booking-system\\Server-side\\vendor\\laravel\\framework\\src\\Illuminate\\Macroable\\Traits\\Macroable.php(124): Illuminate\\Http\\Request->Illuminate\\Foundation\\Providers\\{closure}(Array)
#16 C:\\Users\\Youcode\\Desktop\\Works\\WORKING ON\\IFOODY-online-restaurant-booking-system\\Server-side\\app\\Http\\Controllers\\AuthController.php(47): Illuminate\\Http\\Request->__call('validate', Array)
#17 C:\\Users\\Youcode\\Desktop\\Works\\WORKING ON\\IFOODY-online-restaurant-booking-system\\Server-side\\vendor\\laravel\\framework\\src\\Illuminate\\Routing\\Controller.php(54): App\\Http\\Controllers\\AuthController->register(Object(Illuminate\\Http\\Request))
#18 C:\\Users\\Youcode\\Desktop\\Works\\WORKING ON\\IFOODY-online-restaurant-booking-system\\Server-side\\vendor\\laravel\\framework\\src\\Illuminate\\Routing\\ControllerDispatcher.php(43): Illuminate\\Routing\\Controller->callAction('register', Array)
#19 C:\\Users\\Youcode\\Desktop\\Works\\WORKING ON\\IFOODY-online-restaurant-booking-system\\Server-side\\vendor\\laravel\\framework\\src\\Illuminate\\Routing\\Route.php(260): Illuminate\\Routing\\ControllerDispatcher->dispatch(Object(Illuminate\\Routing\\Route), Object(App\\Http\\Controllers\\AuthController), 'register')
#20 C:\\Users\\Youcode\\Desktop\\Works\\WORKING ON\\IFOODY-online-restaurant-booking-system\\Server-side\\vendor\\laravel\\framework\\src\\Illuminate\\Routing\\Route.php(205): Illuminate\\Routing\\Route->runController()
#21 C:\\Users\\Youcode\\Desktop\\Works\\WORKING ON\\IFOODY-online-restaurant-booking-system\\Server-side\\vendor\\laravel\\framework\\src\\Illuminate\\Routing\\Router.php(798): Illuminate\\Routing\\Route->run()
#22 C:\\Users\\Youcode\\Desktop\\Works\\WORKING ON\\IFOODY-online-restaurant-booking-system\\Server-side\\vendor\\laravel\\framework\\src\\Illuminate\\Pipeline\\Pipeline.php(141): Illuminate\\Routing\\Router->Illuminate\\Routing\\{closure}(Object(Illuminate\\Http\\Request))
#23 C:\\Users\\Youcode\\Desktop\\Works\\WORKING ON\\IFOODY-online-restaurant-booking-system\\Server-side\\vendor\\laravel\\framework\\src\\Illuminate\\Routing\\Middleware\\SubstituteBindings.php(50): Illuminate\\Pipeline\\Pipeline->Illuminate\\Pipeline\\{closure}(Object(Illuminate\\Http\\Request))
#24 C:\\Users\\Youcode\\Desktop\\Works\\WORKING ON\\IFOODY-online-restaurant-booking-system\\Server-side\\vendor\\laravel\\framework\\src\\Illuminate\\Pipeline\\Pipeline.php(180): Illuminate\\Routing\\Middleware\\SubstituteBindings->handle(Object(Illuminate\\Http\\Request), Object(Closure))
#25 C:\\Users\\Youcode\\Desktop\\Works\\WORKING ON\\IFOODY-online-restaurant-booking-system\\Server-side\\vendor\\laravel\\framework\\src\\Illuminate\\Routing\\Middleware\\ThrottleRequests.php(152): Illuminate\\Pipeline\\Pipeline->Illuminate\\Pipeline\\{closure}(Object(Illuminate\\Http\\Request))
#26 C:\\Users\\Youcode\\Desktop\\Works\\WORKING ON\\IFOODY-online-restaurant-booking-system\\Server-side\\vendor\\laravel\\framework\\src\\Illuminate\\Routing\\Middleware\\ThrottleRequests.php(128): Illuminate\\Routing\\Middleware\\ThrottleRequests->handleRequest(Object(Illuminate\\Http\\Request), Object(Closure), Array)
#27 C:\\Users\\Youcode\\Desktop\\Works\\WORKING ON\\IFOODY-online-restaurant-booking-system\\Server-side\\vendor\\laravel\\framework\\src\\Illuminate\\Routing\\Middleware\\ThrottleRequests.php(80): Illuminate\\Routing\\Middleware\\ThrottleRequests->handleRequestUsingNamedLimiter(Object(Illuminate\\Http\\Request), Object(Closure), 'api', Object(Closure))
#28 C:\\Users\\Youcode\\Desktop\\Works\\WORKING ON\\IFOODY-online-restaurant-booking-system\\Server-side\\vendor\\laravel\\framework\\src\\Illuminate\\Pipeline\\Pipeline.php(180): Illuminate\\Routing\\Middleware\\ThrottleRequests->handle(Object(Illuminate\\Http\\Request), Object(Closure), 'api')
#29 C:\\Users\\Youcode\\Desktop\\Works\\WORKING ON\\IFOODY-online-restaurant-booking-system\\Server-side\\vendor\\laravel\\framework\\src\\Illuminate\\Pipeline\\Pipeline.php(116): Illuminate\\Pipeline\\Pipeline->Illuminate\\Pipeline\\{closure}(Object(Illuminate\\Http\\Request))
#30 C:\\Users\\Youcode\\Desktop\\Works\\WORKING ON\\IFOODY-online-restaurant-booking-system\\Server-side\\vendor\\laravel\\framework\\src\\Illuminate\\Routing\\Router.php(799): Illuminate\\Pipeline\\Pipeline->then(Object(Closure))
#31 C:\\Users\\Youcode\\Desktop\\Works\\WORKING ON\\IFOODY-online-restaurant-booking-system\\Server-side\\vendor\\laravel\\framework\\src\\Illuminate\\Routing\\Router.php(776): Illuminate\\Routing\\Router->runRouteWithinStack(Object(Illuminate\\Routing\\Route), Object(Illuminate\\Http\\Request))
#32 C:\\Users\\Youcode\\Desktop\\Works\\WORKING ON\\IFOODY-online-restaurant-booking-system\\Server-side\\vendor\\laravel\\framework\\src\\Illuminate\\Routing\\Router.php(740): Illuminate\\Routing\\Router->runRoute(Object(Illuminate\\Http\\Request), Object(Illuminate\\Routing\\Route))
#33 C:\\Users\\Youcode\\Desktop\\Works\\WORKING ON\\IFOODY-online-restaurant-booking-system\\Server-side\\vendor\\laravel\\framework\\src\\Illuminate\\Routing\\Router.php(729): Illuminate\\Routing\\Router->dispatchToRoute(Object(Illuminate\\Http\\Request))
#34 C:\\Users\\Youcode\\Desktop\\Works\\WORKING ON\\IFOODY-online-restaurant-booking-system\\Server-side\\vendor\\laravel\\framework\\src\\Illuminate\\Foundation\\Http\\Kernel.php(200): Illuminate\\Routing\\Router->dispatch(Object(Illuminate\\Http\\Request))
#35 C:\\Users\\Youcode\\Desktop\\Works\\WORKING ON\\IFOODY-online-restaurant-booking-system\\Server-side\\vendor\\laravel\\framework\\src\\Illuminate\\Pipeline\\Pipeline.php(141): Illuminate\\Foundation\\Http\\Kernel->Illuminate\\Foundation\\Http\\{closure}(Object(Illuminate\\Http\\Request))
#36 C:\\Users\\Youcode\\Desktop\\Works\\WORKING ON\\IFOODY-online-restaurant-booking-system\\Server-side\\vendor\\laravel\\framework\\src\\Illuminate\\Foundation\\Http\\Middleware\\TransformsRequest.php(21): Illuminate\\Pipeline\\Pipeline->Illuminate\\Pipeline\\{closure}(Object(Illuminate\\Http\\Request))
#37 C:\\Users\\Youcode\\Desktop\\Works\\WORKING ON\\IFOODY-online-restaurant-booking-system\\Server-side\\vendor\\laravel\\framework\\src\\Illuminate\\Foundation\\Http\\Middleware\\ConvertEmptyStringsToNull.php(31): Illuminate\\Foundation\\Http\\Middleware\\TransformsRequest->handle(Object(Illuminate\\Http\\Request), Object(Closure))
#38 C:\\Users\\Youcode\\Desktop\\Works\\WORKING ON\\IFOODY-online-restaurant-booking-system\\Server-side\\vendor\\laravel\\framework\\src\\Illuminate\\Pipeline\\Pipeline.php(180): Illuminate\\Foundation\\Http\\Middleware\\ConvertEmptyStringsToNull->handle(Object(Illuminate\\Http\\Request), Object(Closure))
#39 C:\\Users\\Youcode\\Desktop\\Works\\WORKING ON\\IFOODY-online-restaurant-booking-system\\Server-side\\vendor\\laravel\\framework\\src\\Illuminate\\Foundation\\Http\\Middleware\\TransformsRequest.php(21): Illuminate\\Pipeline\\Pipeline->Illuminate\\Pipeline\\{closure}(Object(Illuminate\\Http\\Request))
#40 C:\\Users\\Youcode\\Desktop\\Works\\WORKING ON\\IFOODY-online-restaurant-booking-system\\Server-side\\vendor\\laravel\\framework\\src\\Illuminate\\Foundation\\Http\\Middleware\\TrimStrings.php(40): Illuminate\\Foundation\\Http\\Middleware\\TransformsRequest->handle(Object(Illuminate\\Http\\Request), Object(Closure))
#41 C:\\Users\\Youcode\\Desktop\\Works\\WORKING ON\\IFOODY-online-restaurant-booking-system\\Server-side\\vendor\\laravel\\framework\\src\\Illuminate\\Pipeline\\Pipeline.php(180): Illuminate\\Foundation\\Http\\Middleware\\TrimStrings->handle(Object(Illuminate\\Http\\Request), Object(Closure))
#42 C:\\Users\\Youcode\\Desktop\\Works\\WORKING ON\\IFOODY-online-restaurant-booking-system\\Server-side\\vendor\\laravel\\framework\\src\\Illuminate\\Foundation\\Http\\Middleware\\ValidatePostSize.php(27): Illuminate\\Pipeline\\Pipeline->Illuminate\\Pipeline\\{closure}(Object(Illuminate\\Http\\Request))
#43 C:\\Users\\Youcode\\Desktop\\Works\\WORKING ON\\IFOODY-online-restaurant-booking-system\\Server-side\\vendor\\laravel\\framework\\src\\Illuminate\\Pipeline\\Pipeline.php(180): Illuminate\\Foundation\\Http\\Middleware\\ValidatePostSize->handle(Object(Illuminate\\Http\\Request), Object(Closure))
#44 C:\\Users\\Youcode\\Desktop\\Works\\WORKING ON\\IFOODY-online-restaurant-booking-system\\Server-side\\vendor\\laravel\\framework\\src\\Illuminate\\Foundation\\Http\\Middleware\\PreventRequestsDuringMaintenance.php(86): Illuminate\\Pipeline\\Pipeline->Illuminate\\Pipeline\\{closure}(Object(Illuminate\\Http\\Request))
#45 C:\\Users\\Youcode\\Desktop\\Works\\WORKING ON\\IFOODY-online-restaurant-booking-system\\Server-side\\vendor\\laravel\\framework\\src\\Illuminate\\Pipeline\\Pipeline.php(180): Illuminate\\Foundation\\Http\\Middleware\\PreventRequestsDuringMaintenance->handle(Object(Illuminate\\Http\\Request), Object(Closure))
#46 C:\\Users\\Youcode\\Desktop\\Works\\WORKING ON\\IFOODY-online-restaurant-booking-system\\Server-side\\vendor\\laravel\\framework\\src\\Illuminate\\Http\\Middleware\\HandleCors.php(62): Illuminate\\Pipeline\\Pipeline->Illuminate\\Pipeline\\{closure}(Object(Illuminate\\Http\\Request))
#47 C:\\Users\\Youcode\\Desktop\\Works\\WORKING ON\\IFOODY-online-restaurant-booking-system\\Server-side\\vendor\\laravel\\framework\\src\\Illuminate\\Pipeline\\Pipeline.php(180): Illuminate\\Http\\Middleware\\HandleCors->handle(Object(Illuminate\\Http\\Request), Object(Closure))
#48 C:\\Users\\Youcode\\Desktop\\Works\\WORKING ON\\IFOODY-online-restaurant-booking-system\\Server-side\\vendor\\laravel\\framework\\src\\Illuminate\\Http\\Middleware\\TrustProxies.php(39): Illuminate\\Pipeline\\Pipeline->Illuminate\\Pipeline\\{closure}(Object(Illuminate\\Http\\Request))
#49 C:\\Users\\Youcode\\Desktop\\Works\\WORKING ON\\IFOODY-online-restaurant-booking-system\\Server-side\\vendor\\laravel\\framework\\src\\Illuminate\\Pipeline\\Pipeline.php(180): Illuminate\\Http\\Middleware\\TrustProxies->handle(Object(Illuminate\\Http\\Request), Object(Closure))
#50 C:\\Users\\Youcode\\Desktop\\Works\\WORKING ON\\IFOODY-online-restaurant-booking-system\\Server-side\\vendor\\laravel\\framework\\src\\Illuminate\\Pipeline\\Pipeline.php(116): Illuminate\\Pipeline\\Pipeline->Illuminate\\Pipeline\\{closure}(Object(Illuminate\\Http\\Request))
#51 C:\\Users\\Youcode\\Desktop\\Works\\WORKING ON\\IFOODY-online-restaurant-booking-system\\Server-side\\vendor\\laravel\\framework\\src\\Illuminate\\Foundation\\Http\\Kernel.php(175): Illuminate\\Pipeline\\Pipeline->then(Object(Closure))
#52 C:\\Users\\Youcode\\Desktop\\Works\\WORKING ON\\IFOODY-online-restaurant-booking-system\\Server-side\\vendor\\laravel\\framework\\src\\Illuminate\\Foundation\\Http\\Kernel.php(144): Illuminate\\Foundation\\Http\\Kernel->sendRequestThroughRouter(Object(Illuminate\\Http\\Request))
#53 C:\\Users\\Youcode\\Desktop\\Works\\WORKING ON\\IFOODY-online-restaurant-booking-system\\Server-side\\public\\index.php(52): Illuminate\\Foundation\\Http\\Kernel->handle(Object(Illuminate\\Http\\Request))
#54 C:\\Users\\Youcode\\Desktop\\Works\\WORKING ON\\IFOODY-online-restaurant-booking-system\\Server-side\\vendor\\laravel\\framework\\src\\Illuminate\\Foundation\\resources\\server.php(16): require_once('C:\\\\Users\\\\Youcod...')
#55 {main}

[previous exception] [object] (PDOException(code: 1049): SQLSTATE[HY000] [1049] Unknown database 'ifoodydb' at C:\\Users\\Youcode\\Desktop\\Works\\WORKING ON\\IFOODY-online-restaurant-booking-system\\Server-side\\vendor\\laravel\\framework\\src\\Illuminate\\Database\\Connectors\\Connector.php:65)
[stacktrace]
#0 C:\\Users\\Youcode\\Desktop\\Works\\WORKING ON\\IFOODY-online-restaurant-booking-system\\Server-side\\vendor\\laravel\\framework\\src\\Illuminate\\Database\\Connectors\\Connector.php(65): PDO->__construct('mysql:host=127....', 'root', '', Array)
#1 C:\\Users\\Youcode\\Desktop\\Works\\WORKING ON\\IFOODY-online-restaurant-booking-system\\Server-side\\vendor\\laravel\\framework\\src\\Illuminate\\Database\\Connectors\\Connector.php(45): Illuminate\\Database\\Connectors\\Connector->createPdoConnection('mysql:host=127....', 'root', '', Array)
#2 C:\\Users\\Youcode\\Desktop\\Works\\WORKING ON\\IFOODY-online-restaurant-booking-system\\Server-side\\vendor\\laravel\\framework\\src\\Illuminate\\Database\\Connectors\\MySqlConnector.php(24): Illuminate\\Database\\Connectors\\Connector->createConnection('mysql:host=127....', Array, Array)
#3 C:\\Users\\Youcode\\Desktop\\Works\\WORKING ON\\IFOODY-online-restaurant-booking-system\\Server-side\\vendor\\laravel\\framework\\src\\Illuminate\\Database\\Connectors\\ConnectionFactory.php(184): Illuminate\\Database\\Connectors\\MySqlConnector->connect(Array)
#4 [internal function]: Illuminate\\Database\\Connectors\\ConnectionFactory->Illuminate\\Database\\Connectors\\{closure}()
#5 C:\\Users\\Youcode\\Desktop\\Works\\WORKING ON\\IFOODY-online-restaurant-booking-system\\Server-side\\vendor\\laravel\\framework\\src\\Illuminate\\Database\\Connection.php(1210): call_user_func(Object(Closure))
#6 C:\\Users\\Youcode\\Desktop\\Works\\WORKING ON\\IFOODY-online-restaurant-booking-system\\Server-side\\vendor\\laravel\\framework\\src\\Illuminate\\Database\\Connection.php(519): Illuminate\\Database\\Connection->getPdo()
#7 C:\\Users\\Youcode\\Desktop\\Works\\WORKING ON\\IFOODY-online-restaurant-booking-system\\Server-side\\vendor\\laravel\\framework\\src\\Illuminate\\Database\\Connection.php(414): Illuminate\\Database\\Connection->getPdoForSelect(false)
#8 C:\\Users\\Youcode\\Desktop\\Works\\WORKING ON\\IFOODY-online-restaurant-booking-system\\Server-side\\vendor\\laravel\\framework\\src\\Illuminate\\Database\\Connection.php(786): Illuminate\\Database\\Connection->Illuminate\\Database\\{closure}('select count(*)...', Array)
#9 C:\\Users\\Youcode\\Desktop\\Works\\WORKING ON\\IFOODY-online-restaurant-booking-system\\Server-side\\vendor\\laravel\\framework\\src\\Illuminate\\Database\\Connection.php(753): Illuminate\\Database\\Connection->runQueryCallback('select count(*)...', Array, Object(Closure))
#10 C:\\Users\\Youcode\\Desktop\\Works\\WORKING ON\\IFOODY-online-restaurant-booking-system\\Server-side\\vendor\\laravel\\framework\\src\\Illuminate\\Database\\Connection.php(422): Illuminate\\Database\\Connection->run('select count(*)...', Array, Object(Closure))
#11 C:\\Users\\Youcode\\Desktop\\Works\\WORKING ON\\IFOODY-online-restaurant-booking-system\\Server-side\\vendor\\laravel\\framework\\src\\Illuminate\\Database\\Query\\Builder.php(2719): Illuminate\\Database\\Connection->select('select count(*)...', Array, false)
#12 C:\\Users\\Youcode\\Desktop\\Works\\WORKING ON\\IFOODY-online-restaurant-booking-system\\Server-side\\vendor\\laravel\\framework\\src\\Illuminate\\Database\\Query\\Builder.php(2707): Illuminate\\Database\\Query\\Builder->runSelect()
#13 C:\\Users\\Youcode\\Desktop\\Works\\WORKING ON\\IFOODY-online-restaurant-booking-system\\Server-side\\vendor\\laravel\\framework\\src\\Illuminate\\Database\\Query\\Builder.php(3248): Illuminate\\Database\\Query\\Builder->Illuminate\\Database\\Query\\{closure}()
#14 C:\\Users\\Youcode\\Desktop\\Works\\WORKING ON\\IFOODY-online-restaurant-booking-system\\Server-side\\vendor\\laravel\\framework\\src\\Illuminate\\Database\\Query\\Builder.php(2708): Illuminate\\Database\\Query\\Builder->onceWithColumns(Array, Object(Closure))
#15 C:\\Users\\Youcode\\Desktop\\Works\\WORKING ON\\IFOODY-online-restaurant-booking-system\\Server-side\\vendor\\laravel\\framework\\src\\Illuminate\\Database\\Query\\Builder.php(3175): Illuminate\\Database\\Query\\Builder->get(Array)
#16 C:\\Users\\Youcode\\Desktop\\Works\\WORKING ON\\IFOODY-online-restaurant-booking-system\\Server-side\\vendor\\laravel\\framework\\src\\Illuminate\\Database\\Query\\Builder.php(3103): Illuminate\\Database\\Query\\Builder->aggregate('count', Array)
#17 C:\\Users\\Youcode\\Desktop\\Works\\WORKING ON\\IFOODY-online-restaurant-booking-system\\Server-side\\vendor\\laravel\\framework\\src\\Illuminate\\Validation\\DatabasePresenceVerifier.php(54): Illuminate\\Database\\Query\\Builder->count()
#18 C:\\Users\\Youcode\\Desktop\\Works\\WORKING ON\\IFOODY-online-restaurant-booking-system\\Server-side\\vendor\\laravel\\framework\\src\\Illuminate\\Validation\\Concerns\\ValidatesAttributes.php(931): Illuminate\\Validation\\DatabasePresenceVerifier->getCount('users', 'email', 'abdelladedh@gma...', NULL, NULL, Array)
#19 C:\\Users\\Youcode\\Desktop\\Works\\WORKING ON\\IFOODY-online-restaurant-booking-system\\Server-side\\vendor\\laravel\\framework\\src\\Illuminate\\Validation\\Validator.php(624): Illuminate\\Validation\\Validator->validateUnique('email', 'abdelladedh@gma...', Array, Object(Illuminate\\Validation\\Validator))
#20 C:\\Users\\Youcode\\Desktop\\Works\\WORKING ON\\IFOODY-online-restaurant-booking-system\\Server-side\\vendor\\laravel\\framework\\src\\Illuminate\\Validation\\Validator.php(430): Illuminate\\Validation\\Validator->validateAttribute('email', 'Unique')
#21 C:\\Users\\Youcode\\Desktop\\Works\\WORKING ON\\IFOODY-online-restaurant-booking-system\\Server-side\\vendor\\laravel\\framework\\src\\Illuminate\\Validation\\Validator.php(461): Illuminate\\Validation\\Validator->passes()
#22 C:\\Users\\Youcode\\Desktop\\Works\\WORKING ON\\IFOODY-online-restaurant-booking-system\\Server-side\\vendor\\laravel\\framework\\src\\Illuminate\\Validation\\Validator.php(503): Illuminate\\Validation\\Validator->fails()
#23 C:\\Users\\Youcode\\Desktop\\Works\\WORKING ON\\IFOODY-online-restaurant-booking-system\\Server-side\\vendor\\laravel\\framework\\src\\Illuminate\\Foundation\\Providers\\FoundationServiceProvider.php(122): Illuminate\\Validation\\Validator->validate()
#24 C:\\Users\\Youcode\\Desktop\\Works\\WORKING ON\\IFOODY-online-restaurant-booking-system\\Server-side\\vendor\\laravel\\framework\\src\\Illuminate\\Macroable\\Traits\\Macroable.php(124): Illuminate\\Http\\Request->Illuminate\\Foundation\\Providers\\{closure}(Array)
#25 C:\\Users\\Youcode\\Desktop\\Works\\WORKING ON\\IFOODY-online-restaurant-booking-system\\Server-side\\app\\Http\\Controllers\\AuthController.php(47): Illuminate\\Http\\Request->__call('validate', Array)
#26 C:\\Users\\Youcode\\Desktop\\Works\\WORKING ON\\IFOODY-online-restaurant-booking-system\\Server-side\\vendor\\laravel\\framework\\src\\Illuminate\\Routing\\Controller.php(54): App\\Http\\Controllers\\AuthController->register(Object(Illuminate\\Http\\Request))
#27 C:\\Users\\Youcode\\Desktop\\Works\\WORKING ON\\IFOODY-online-restaurant-booking-system\\Server-side\\vendor\\laravel\\framework\\src\\Illuminate\\Routing\\ControllerDispatcher.php(43): Illuminate\\Routing\\Controller->callAction('register', Array)
#28 C:\\Users\\Youcode\\Desktop\\Works\\WORKING ON\\IFOODY-online-restaurant-booking-system\\Server-side\\vendor\\laravel\\framework\\src\\Illuminate\\Routing\\Route.php(260): Illuminate\\Routing\\ControllerDispatcher->dispatch(Object(Illuminate\\Routing\\Route), Object(App\\Http\\Controllers\\AuthController), 'register')
#29 C:\\Users\\Youcode\\Desktop\\Works\\WORKING ON\\IFOODY-online-restaurant-booking-system\\Server-side\\vendor\\laravel\\framework\\src\\Illuminate\\Routing\\Route.php(205): Illuminate\\Routing\\Route->runController()
#30 C:\\Users\\Youcode\\Desktop\\Works\\WORKING ON\\IFOODY-online-restaurant-booking-system\\Server-side\\vendor\\laravel\\framework\\src\\Illuminate\\Routing\\Router.php(798): Illuminate\\Routing\\Route->run()
#31 C:\\Users\\Youcode\\Desktop\\Works\\WORKING ON\\IFOODY-online-restaurant-booking-system\\Server-side\\vendor\\laravel\\framework\\src\\Illuminate\\Pipeline\\Pipeline.php(141): Illuminate\\Routing\\Router->Illuminate\\Routing\\{closure}(Object(Illuminate\\Http\\Request))
#32 C:\\Users\\Youcode\\Desktop\\Works\\WORKING ON\\IFOODY-online-restaurant-booking-system\\Server-side\\vendor\\laravel\\framework\\src\\Illuminate\\Routing\\Middleware\\SubstituteBindings.php(50): Illuminate\\Pipeline\\Pipeline->Illuminate\\Pipeline\\{closure}(Object(Illuminate\\Http\\Request))
#33 C:\\Users\\Youcode\\Desktop\\Works\\WORKING ON\\IFOODY-online-restaurant-booking-system\\Server-side\\vendor\\laravel\\framework\\src\\Illuminate\\Pipeline\\Pipeline.php(180): Illuminate\\Routing\\Middleware\\SubstituteBindings->handle(Object(Illuminate\\Http\\Request), Object(Closure))
#34 C:\\Users\\Youcode\\Desktop\\Works\\WORKING ON\\IFOODY-online-restaurant-booking-system\\Server-side\\vendor\\laravel\\framework\\src\\Illuminate\\Routing\\Middleware\\ThrottleRequests.php(152): Illuminate\\Pipeline\\Pipeline->Illuminate\\Pipeline\\{closure}(Object(Illuminate\\Http\\Request))
#35 C:\\Users\\Youcode\\Desktop\\Works\\WORKING ON\\IFOODY-online-restaurant-booking-system\\Server-side\\vendor\\laravel\\framework\\src\\Illuminate\\Routing\\Middleware\\ThrottleRequests.php(128): Illuminate\\Routing\\Middleware\\ThrottleRequests->handleRequest(Object(Illuminate\\Http\\Request), Object(Closure), Array)
#36 C:\\Users\\Youcode\\Desktop\\Works\\WORKING ON\\IFOODY-online-restaurant-booking-system\\Server-side\\vendor\\laravel\\framework\\src\\Illuminate\\Routing\\Middleware\\ThrottleRequests.php(80): Illuminate\\Routing\\Middleware\\ThrottleRequests->handleRequestUsingNamedLimiter(Object(Illuminate\\Http\\Request), Object(Closure), 'api', Object(Closure))
#37 C:\\Users\\Youcode\\Desktop\\Works\\WORKING ON\\IFOODY-online-restaurant-booking-system\\Server-side\\vendor\\laravel\\framework\\src\\Illuminate\\Pipeline\\Pipeline.php(180): Illuminate\\Routing\\Middleware\\ThrottleRequests->handle(Object(Illuminate\\Http\\Request), Object(Closure), 'api')
#38 C:\\Users\\Youcode\\Desktop\\Works\\WORKING ON\\IFOODY-online-restaurant-booking-system\\Server-side\\vendor\\laravel\\framework\\src\\Illuminate\\Pipeline\\Pipeline.php(116): Illuminate\\Pipeline\\Pipeline->Illuminate\\Pipeline\\{closure}(Object(Illuminate\\Http\\Request))
#39 C:\\Users\\Youcode\\Desktop\\Works\\WORKING ON\\IFOODY-online-restaurant-booking-system\\Server-side\\vendor\\laravel\\framework\\src\\Illuminate\\Routing\\Router.php(799): Illuminate\\Pipeline\\Pipeline->then(Object(Closure))
#40 C:\\Users\\Youcode\\Desktop\\Works\\WORKING ON\\IFOODY-online-restaurant-booking-system\\Server-side\\vendor\\laravel\\framework\\src\\Illuminate\\Routing\\Router.php(776): Illuminate\\Routing\\Router->runRouteWithinStack(Object(Illuminate\\Routing\\Route), Object(Illuminate\\Http\\Request))
#41 C:\\Users\\Youcode\\Desktop\\Works\\WORKING ON\\IFOODY-online-restaurant-booking-system\\Server-side\\vendor\\laravel\\framework\\src\\Illuminate\\Routing\\Router.php(740): Illuminate\\Routing\\Router->runRoute(Object(Illuminate\\Http\\Request), Object(Illuminate\\Routing\\Route))
#42 C:\\Users\\Youcode\\Desktop\\Works\\WORKING ON\\IFOODY-online-restaurant-booking-system\\Server-side\\vendor\\laravel\\framework\\src\\Illuminate\\Routing\\Router.php(729): Illuminate\\Routing\\Router->dispatchToRoute(Object(Illuminate\\Http\\Request))
#43 C:\\Users\\Youcode\\Desktop\\Works\\WORKING ON\\IFOODY-online-restaurant-booking-system\\Server-side\\vendor\\laravel\\framework\\src\\Illuminate\\Foundation\\Http\\Kernel.php(200): Illuminate\\Routing\\Router->dispatch(Object(Illuminate\\Http\\Request))
#44 C:\\Users\\Youcode\\Desktop\\Works\\WORKING ON\\IFOODY-online-restaurant-booking-system\\Server-side\\vendor\\laravel\\framework\\src\\Illuminate\\Pipeline\\Pipeline.php(141): Illuminate\\Foundation\\Http\\Kernel->Illuminate\\Foundation\\Http\\{closure}(Object(Illuminate\\Http\\Request))
#45 C:\\Users\\Youcode\\Desktop\\Works\\WORKING ON\\IFOODY-online-restaurant-booking-system\\Server-side\\vendor\\laravel\\framework\\src\\Illuminate\\Foundation\\Http\\Middleware\\TransformsRequest.php(21): Illuminate\\Pipeline\\Pipeline->Illuminate\\Pipeline\\{closure}(Object(Illuminate\\Http\\Request))
#46 C:\\Users\\Youcode\\Desktop\\Works\\WORKING ON\\IFOODY-online-restaurant-booking-system\\Server-side\\vendor\\laravel\\framework\\src\\Illuminate\\Foundation\\Http\\Middleware\\ConvertEmptyStringsToNull.php(31): Illuminate\\Foundation\\Http\\Middleware\\TransformsRequest->handle(Object(Illuminate\\Http\\Request), Object(Closure))
#47 C:\\Users\\Youcode\\Desktop\\Works\\WORKING ON\\IFOODY-online-restaurant-booking-system\\Server-side\\vendor\\laravel\\framework\\src\\Illuminate\\Pipeline\\Pipeline.php(180): Illuminate\\Foundation\\Http\\Middleware\\ConvertEmptyStringsToNull->handle(Object(Illuminate\\Http\\Request), Object(Closure))
#48 C:\\Users\\Youcode\\Desktop\\Works\\WORKING ON\\IFOODY-online-restaurant-booking-system\\Server-side\\vendor\\laravel\\framework\\src\\Illuminate\\Foundation\\Http\\Middleware\\TransformsRequest.php(21): Illuminate\\Pipeline\\Pipeline->Illuminate\\Pipeline\\{closure}(Object(Illuminate\\Http\\Request))
#49 C:\\Users\\Youcode\\Desktop\\Works\\WORKING ON\\IFOODY-online-restaurant-booking-system\\Server-side\\vendor\\laravel\\framework\\src\\Illuminate\\Foundation\\Http\\Middleware\\TrimStrings.php(40): Illuminate\\Foundation\\Http\\Middleware\\TransformsRequest->handle(Object(Illuminate\\Http\\Request), Object(Closure))
#50 C:\\Users\\Youcode\\Desktop\\Works\\WORKING ON\\IFOODY-online-restaurant-booking-system\\Server-side\\vendor\\laravel\\framework\\src\\Illuminate\\Pipeline\\Pipeline.php(180): Illuminate\\Foundation\\Http\\Middleware\\TrimStrings->handle(Object(Illuminate\\Http\\Request), Object(Closure))
#51 C:\\Users\\Youcode\\Desktop\\Works\\WORKING ON\\IFOODY-online-restaurant-booking-system\\Server-side\\vendor\\laravel\\framework\\src\\Illuminate\\Foundation\\Http\\Middleware\\ValidatePostSize.php(27): Illuminate\\Pipeline\\Pipeline->Illuminate\\Pipeline\\{closure}(Object(Illuminate\\Http\\Request))
#52 C:\\Users\\Youcode\\Desktop\\Works\\WORKING ON\\IFOODY-online-restaurant-booking-system\\Server-side\\vendor\\laravel\\framework\\src\\Illuminate\\Pipeline\\Pipeline.php(180): Illuminate\\Foundation\\Http\\Middleware\\ValidatePostSize->handle(Object(Illuminate\\Http\\Request), Object(Closure))
#53 C:\\Users\\Youcode\\Desktop\\Works\\WORKING ON\\IFOODY-online-restaurant-booking-system\\Server-side\\vendor\\laravel\\framework\\src\\Illuminate\\Foundation\\Http\\Middleware\\PreventRequestsDuringMaintenance.php(86): Illuminate\\Pipeline\\Pipeline->Illuminate\\Pipeline\\{closure}(Object(Illuminate\\Http\\Request))
#54 C:\\Users\\Youcode\\Desktop\\Works\\WORKING ON\\IFOODY-online-restaurant-booking-system\\Server-side\\vendor\\laravel\\framework\\src\\Illuminate\\Pipeline\\Pipeline.php(180): Illuminate\\Foundation\\Http\\Middleware\\PreventRequestsDuringMaintenance->handle(Object(Illuminate\\Http\\Request), Object(Closure))
#55 C:\\Users\\Youcode\\Desktop\\Works\\WORKING ON\\IFOODY-online-restaurant-booking-system\\Server-side\\vendor\\laravel\\framework\\src\\Illuminate\\Http\\Middleware\\HandleCors.php(62): Illuminate\\Pipeline\\Pipeline->Illuminate\\Pipeline\\{closure}(Object(Illuminate\\Http\\Request))
#56 C:\\Users\\Youcode\\Desktop\\Works\\WORKING ON\\IFOODY-online-restaurant-booking-system\\Server-side\\vendor\\laravel\\framework\\src\\Illuminate\\Pipeline\\Pipeline.php(180): Illuminate\\Http\\Middleware\\HandleCors->handle(Object(Illuminate\\Http\\Request), Object(Closure))
#57 C:\\Users\\Youcode\\Desktop\\Works\\WORKING ON\\IFOODY-online-restaurant-booking-system\\Server-side\\vendor\\laravel\\framework\\src\\Illuminate\\Http\\Middleware\\TrustProxies.php(39): Illuminate\\Pipeline\\Pipeline->Illuminate\\Pipeline\\{closure}(Object(Illuminate\\Http\\Request))
#58 C:\\Users\\Youcode\\Desktop\\Works\\WORKING ON\\IFOODY-online-restaurant-booking-system\\Server-side\\vendor\\laravel\\framework\\src\\Illuminate\\Pipeline\\Pipeline.php(180): Illuminate\\Http\\Middleware\\TrustProxies->handle(Object(Illuminate\\Http\\Request), Object(Closure))
#59 C:\\Users\\Youcode\\Desktop\\Works\\WORKING ON\\IFOODY-online-restaurant-booking-system\\Server-side\\vendor\\laravel\\framework\\src\\Illuminate\\Pipeline\\Pipeline.php(116): Illuminate\\Pipeline\\Pipeline->Illuminate\\Pipeline\\{closure}(Object(Illuminate\\Http\\Request))
#60 C:\\Users\\Youcode\\Desktop\\Works\\WORKING ON\\IFOODY-online-restaurant-booking-system\\Server-side\\vendor\\laravel\\framework\\src\\Illuminate\\Foundation\\Http\\Kernel.php(175): Illuminate\\Pipeline\\Pipeline->then(Object(Closure))
#61 C:\\Users\\Youcode\\Desktop\\Works\\WORKING ON\\IFOODY-online-restaurant-booking-system\\Server-side\\vendor\\laravel\\framework\\src\\Illuminate\\Foundation\\Http\\Kernel.php(144): Illuminate\\Foundation\\Http\\Kernel->sendRequestThroughRouter(Object(Illuminate\\Http\\Request))
#62 C:\\Users\\Youcode\\Desktop\\Works\\WORKING ON\\IFOODY-online-restaurant-booking-system\\Server-side\\public\\index.php(52): Illuminate\\Foundation\\Http\\Kernel->handle(Object(Illuminate\\Http\\Request))
#63 C:\\Users\\Youcode\\Desktop\\Works\\WORKING ON\\IFOODY-online-restaurant-booking-system\\Server-side\\vendor\\laravel\\framework\\src\\Illuminate\\Foundation\\resources\\server.php(16): require_once('C:\\\\Users\\\\Youcod...')
#64 {main}
"} 
